<?xml version="1.0" encoding="UTF-8"?>
<testng-results ignored="0" total="1" passed="1" failed="0" skipped="0">
  <reporter-output>
  </reporter-output>
  <suite started-at="2025-02-21T18:38:28 IST" name="Default suite" finished-at="2025-02-21T18:38:37 IST" duration-ms="9542">
    <groups>
    </groups>
    <test started-at="2025-02-21T18:38:28 IST" name="Default test" finished-at="2025-02-21T18:38:37 IST" duration-ms="9542">
      <class name="com.qa.testcases.Login">
        <test-method is-config="true" signature="setUp()[pri:0, instance:com.qa.testcases.Login@279fedbd]" started-at="2025-02-21T18:38:28 IST" name="setUp" finished-at="2025-02-21T18:38:37 IST" duration-ms="9308" status="PASS">
          <reporter-output>
          </reporter-output>
        </test-method> <!-- setUp -->
        <test-method signature="verifyContactsPageLabel()[pri:1, instance:com.qa.testcases.Login@279fedbd]" started-at="2025-02-21T18:38:37 IST" name="verifyContactsPageLabel" finished-at="2025-02-21T18:38:37 IST" duration-ms="28" status="PASS">
          <reporter-output>
          </reporter-output>
        </test-method> <!-- verifyContactsPageLabel -->
        <test-method is-config="true" signature="tearDown()[pri:0, instance:com.qa.testcases.Login@279fedbd]" started-at="2025-02-21T18:38:37 IST" name="tearDown" finished-at="2025-02-21T18:38:37 IST" duration-ms="143" status="PASS">
          <reporter-output>
          </reporter-output>
        </test-method> <!-- tearDown -->
      </class> <!-- com.qa.testcases.Login -->
    </test> <!-- Default test -->
  </suite> <!-- Default suite -->
</testng-results>
